<testsuites id="" name="" tests="14" failures="0" skipped="0" errors="0" time="24.457369999999997">
<testsuite name="dashboard.spec.ts" timestamp="2026-04-25T07:34:43.766Z" hostname="firefox" tests="14" failures="0" skipped="0" time="109.257" errors="0">
<testcase name="Finance Dashboard › should load login page" classname="dashboard.spec.ts" time="6.365">
</testcase>
<testcase name="Finance Dashboard › should allow finance lead login with email/password" classname="dashboard.spec.ts" time="7.884">
</testcase>
<testcase name="Finance Dashboard › should display dashboard header with user greeting and badges" classname="dashboard.spec.ts" time="10.318">
</testcase>
<testcase name="Finance Dashboard › should display 4 stat cards with metrics" classname="dashboard.spec.ts" time="10.151">
</testcase>
<testcase name="Finance Dashboard › should display Performance Overview chart" classname="dashboard.spec.ts" time="9.076">
</testcase>
<testcase name="Finance Dashboard › should toggle AI insights visibility" classname="dashboard.spec.ts" time="7.025">
</testcase>
<testcase name="Finance Dashboard › should have functional tabs (Overview, Analytics, Reports)" classname="dashboard.spec.ts" time="8.434">
</testcase>
<testcase name="Finance Dashboard › should be responsive at 360px width (mobile)" classname="dashboard.spec.ts" time="8.264">
</testcase>
<testcase name="Finance Dashboard › should display full layout at 1280px width (desktop)" classname="dashboard.spec.ts" time="8.035">
</testcase>
<testcase name="Finance Dashboard › should take screenshot of 1280px desktop view" classname="dashboard.spec.ts" time="8.223">
</testcase>
<testcase name="Finance Dashboard › should display Date Range and Export Report buttons (manager features)" classname="dashboard.spec.ts" time="8.204">
</testcase>
<testcase name="Finance Dashboard › should verify stat cards display sparkline/trend indicators" classname="dashboard.spec.ts" time="6.374">
</testcase>
<testcase name="Finance Dashboard › should display activity feed compactly" classname="dashboard.spec.ts" time="5.799">
</testcase>
<testcase name="Finance Dashboard › should load without critical errors" classname="dashboard.spec.ts" time="5.105">
</testcase>
</testsuite>
</testsuites>